[29-Apr-2020 20:25:05 UTC] PHP Parse error:  syntax error, unexpected end of file in /Users/sofiareyes/Desktop/desarrollos/BLOG-VA/wp-content/themes/mi_tema/page-inicio.php on line 174
[29-Apr-2020 23:55:54 UTC] PHP Fatal error:  Uncaught Error: Class 'WP_Bootstrap_Navwalker' not found in /Users/sofiareyes/Desktop/desarrollos/BLOG-VA/wp-content/themes/mi_tema/_includes/nav-bootstrap4.php:17
Stack trace:
#0 /Users/sofiareyes/Desktop/desarrollos/BLOG-VA/wp-includes/template.php(725): require()
#1 /Users/sofiareyes/Desktop/desarrollos/BLOG-VA/wp-includes/template.php(672): load_template('/Users/sofiarey...', false)
#2 /Users/sofiareyes/Desktop/desarrollos/BLOG-VA/wp-includes/general-template.php(168): locate_template(Array, true, false)
#3 /Users/sofiareyes/Desktop/desarrollos/BLOG-VA/wp-content/themes/mi_tema/header.php(12): get_template_part('_includes/nav', 'bootstrap4')
#4 /Users/sofiareyes/Desktop/desarrollos/BLOG-VA/wp-includes/template.php(723): require_once('/Users/sofiarey...')
#5 /Users/sofiareyes/Desktop/desarrollos/BLOG-VA/wp-includes/template.php(672): load_template('/Users/sofiarey...', true)
#6 /Users/sofiareyes/Desktop/desarrollos/BLOG-VA/wp-includes/general-template.php(41): locate_template(Array, true)
#7 /Users/sofiare in /Users/sofiareyes/Desktop/desarrollos/BLOG-VA/wp-content/themes/mi_tema/_includes/nav-bootstrap4.php on line 17
[29-Apr-2020 23:56:22 UTC] PHP Fatal error:  Uncaught Error: Class 'WP_Bootstrap_Navwalker' not found in /Users/sofiareyes/Desktop/desarrollos/BLOG-VA/wp-content/themes/mi_tema/_includes/nav-bootstrap4.php:17
Stack trace:
#0 /Users/sofiareyes/Desktop/desarrollos/BLOG-VA/wp-includes/template.php(725): require()
#1 /Users/sofiareyes/Desktop/desarrollos/BLOG-VA/wp-includes/template.php(672): load_template('/Users/sofiarey...', false)
#2 /Users/sofiareyes/Desktop/desarrollos/BLOG-VA/wp-includes/general-template.php(168): locate_template(Array, true, false)
#3 /Users/sofiareyes/Desktop/desarrollos/BLOG-VA/wp-content/themes/mi_tema/header.php(12): get_template_part('_includes/nav', 'bootstrap4')
#4 /Users/sofiareyes/Desktop/desarrollos/BLOG-VA/wp-includes/template.php(723): require_once('/Users/sofiarey...')
#5 /Users/sofiareyes/Desktop/desarrollos/BLOG-VA/wp-includes/template.php(672): load_template('/Users/sofiarey...', true)
#6 /Users/sofiareyes/Desktop/desarrollos/BLOG-VA/wp-includes/general-template.php(41): locate_template(Array, true)
#7 /Users/sofiare in /Users/sofiareyes/Desktop/desarrollos/BLOG-VA/wp-content/themes/mi_tema/_includes/nav-bootstrap4.php on line 17
[29-Apr-2020 23:57:21 UTC] PHP Fatal error:  Uncaught Error: Class 'WP_Bootstrap_Navwalker' not found in /Users/sofiareyes/Desktop/desarrollos/BLOG-VA/wp-content/themes/mi_tema/_includes/nav-bootstrap4.php:17
Stack trace:
#0 /Users/sofiareyes/Desktop/desarrollos/BLOG-VA/wp-includes/template.php(725): require()
#1 /Users/sofiareyes/Desktop/desarrollos/BLOG-VA/wp-includes/template.php(672): load_template('/Users/sofiarey...', false)
#2 /Users/sofiareyes/Desktop/desarrollos/BLOG-VA/wp-includes/general-template.php(168): locate_template(Array, true, false)
#3 /Users/sofiareyes/Desktop/desarrollos/BLOG-VA/wp-content/themes/mi_tema/header.php(12): get_template_part('_includes/nav', 'bootstrap4')
#4 /Users/sofiareyes/Desktop/desarrollos/BLOG-VA/wp-includes/template.php(723): require_once('/Users/sofiarey...')
#5 /Users/sofiareyes/Desktop/desarrollos/BLOG-VA/wp-includes/template.php(672): load_template('/Users/sofiarey...', true)
#6 /Users/sofiareyes/Desktop/desarrollos/BLOG-VA/wp-includes/general-template.php(41): locate_template(Array, true)
#7 /Users/sofiare in /Users/sofiareyes/Desktop/desarrollos/BLOG-VA/wp-content/themes/mi_tema/_includes/nav-bootstrap4.php on line 17
[29-Apr-2020 23:57:24 UTC] PHP Fatal error:  Uncaught Error: Class 'WP_Bootstrap_Navwalker' not found in /Users/sofiareyes/Desktop/desarrollos/BLOG-VA/wp-content/themes/mi_tema/_includes/nav-bootstrap4.php:17
Stack trace:
#0 /Users/sofiareyes/Desktop/desarrollos/BLOG-VA/wp-includes/template.php(725): require()
#1 /Users/sofiareyes/Desktop/desarrollos/BLOG-VA/wp-includes/template.php(672): load_template('/Users/sofiarey...', false)
#2 /Users/sofiareyes/Desktop/desarrollos/BLOG-VA/wp-includes/general-template.php(168): locate_template(Array, true, false)
#3 /Users/sofiareyes/Desktop/desarrollos/BLOG-VA/wp-content/themes/mi_tema/header.php(12): get_template_part('_includes/nav', 'bootstrap4')
#4 /Users/sofiareyes/Desktop/desarrollos/BLOG-VA/wp-includes/template.php(723): require_once('/Users/sofiarey...')
#5 /Users/sofiareyes/Desktop/desarrollos/BLOG-VA/wp-includes/template.php(672): load_template('/Users/sofiarey...', true)
#6 /Users/sofiareyes/Desktop/desarrollos/BLOG-VA/wp-includes/general-template.php(41): locate_template(Array, true)
#7 /Users/sofiare in /Users/sofiareyes/Desktop/desarrollos/BLOG-VA/wp-content/themes/mi_tema/_includes/nav-bootstrap4.php on line 17
[29-Apr-2020 23:57:47 UTC] PHP Fatal error:  Uncaught Error: Class 'WP_Bootstrap_Navwalker' not found in /Users/sofiareyes/Desktop/desarrollos/BLOG-VA/wp-content/themes/mi_tema/_includes/nav-bootstrap4.php:17
Stack trace:
#0 /Users/sofiareyes/Desktop/desarrollos/BLOG-VA/wp-includes/template.php(725): require()
#1 /Users/sofiareyes/Desktop/desarrollos/BLOG-VA/wp-includes/template.php(672): load_template('/Users/sofiarey...', false)
#2 /Users/sofiareyes/Desktop/desarrollos/BLOG-VA/wp-includes/general-template.php(168): locate_template(Array, true, false)
#3 /Users/sofiareyes/Desktop/desarrollos/BLOG-VA/wp-content/themes/mi_tema/header.php(12): get_template_part('_includes/nav', 'bootstrap4')
#4 /Users/sofiareyes/Desktop/desarrollos/BLOG-VA/wp-includes/template.php(723): require_once('/Users/sofiarey...')
#5 /Users/sofiareyes/Desktop/desarrollos/BLOG-VA/wp-includes/template.php(672): load_template('/Users/sofiarey...', true)
#6 /Users/sofiareyes/Desktop/desarrollos/BLOG-VA/wp-includes/general-template.php(41): locate_template(Array, true)
#7 /Users/sofiare in /Users/sofiareyes/Desktop/desarrollos/BLOG-VA/wp-content/themes/mi_tema/_includes/nav-bootstrap4.php on line 17
[29-Apr-2020 23:58:38 UTC] PHP Fatal error:  Uncaught Error: Class 'WP_Bootstrap_Navwalker' not found in /Users/sofiareyes/Desktop/desarrollos/BLOG-VA/wp-content/themes/mi_tema/_includes/nav-bootstrap4.php:17
Stack trace:
#0 /Users/sofiareyes/Desktop/desarrollos/BLOG-VA/wp-includes/template.php(725): require()
#1 /Users/sofiareyes/Desktop/desarrollos/BLOG-VA/wp-includes/template.php(672): load_template('/Users/sofiarey...', false)
#2 /Users/sofiareyes/Desktop/desarrollos/BLOG-VA/wp-includes/general-template.php(168): locate_template(Array, true, false)
#3 /Users/sofiareyes/Desktop/desarrollos/BLOG-VA/wp-content/themes/mi_tema/header.php(12): get_template_part('_includes/nav', 'bootstrap4')
#4 /Users/sofiareyes/Desktop/desarrollos/BLOG-VA/wp-includes/template.php(723): require_once('/Users/sofiarey...')
#5 /Users/sofiareyes/Desktop/desarrollos/BLOG-VA/wp-includes/template.php(672): load_template('/Users/sofiarey...', true)
#6 /Users/sofiareyes/Desktop/desarrollos/BLOG-VA/wp-includes/general-template.php(41): locate_template(Array, true)
#7 /Users/sofiare in /Users/sofiareyes/Desktop/desarrollos/BLOG-VA/wp-content/themes/mi_tema/_includes/nav-bootstrap4.php on line 17
[29-Apr-2020 23:59:48 UTC] PHP Fatal error:  Uncaught Error: Class 'WP_Bootstrap_Navwalker' not found in /Users/sofiareyes/Desktop/desarrollos/BLOG-VA/wp-content/themes/mi_tema/_includes/nav-bootstrap4.php:17
Stack trace:
#0 /Users/sofiareyes/Desktop/desarrollos/BLOG-VA/wp-includes/template.php(725): require()
#1 /Users/sofiareyes/Desktop/desarrollos/BLOG-VA/wp-includes/template.php(672): load_template('/Users/sofiarey...', false)
#2 /Users/sofiareyes/Desktop/desarrollos/BLOG-VA/wp-includes/general-template.php(168): locate_template(Array, true, false)
#3 /Users/sofiareyes/Desktop/desarrollos/BLOG-VA/wp-content/themes/mi_tema/header.php(12): get_template_part('_includes/nav', 'bootstrap4')
#4 /Users/sofiareyes/Desktop/desarrollos/BLOG-VA/wp-includes/template.php(723): require_once('/Users/sofiarey...')
#5 /Users/sofiareyes/Desktop/desarrollos/BLOG-VA/wp-includes/template.php(672): load_template('/Users/sofiarey...', true)
#6 /Users/sofiareyes/Desktop/desarrollos/BLOG-VA/wp-includes/general-template.php(41): locate_template(Array, true)
#7 /Users/sofiare in /Users/sofiareyes/Desktop/desarrollos/BLOG-VA/wp-content/themes/mi_tema/_includes/nav-bootstrap4.php on line 17
[30-Apr-2020 00:00:27 UTC] PHP Fatal error:  Uncaught Error: Class 'WP_Bootstrap_Navwalker' not found in /Users/sofiareyes/Desktop/desarrollos/BLOG-VA/wp-content/themes/mi_tema/_includes/nav-bootstrap4.php:17
Stack trace:
#0 /Users/sofiareyes/Desktop/desarrollos/BLOG-VA/wp-includes/template.php(725): require()
#1 /Users/sofiareyes/Desktop/desarrollos/BLOG-VA/wp-includes/template.php(672): load_template('/Users/sofiarey...', false)
#2 /Users/sofiareyes/Desktop/desarrollos/BLOG-VA/wp-includes/general-template.php(168): locate_template(Array, true, false)
#3 /Users/sofiareyes/Desktop/desarrollos/BLOG-VA/wp-content/themes/mi_tema/header.php(12): get_template_part('_includes/nav', 'bootstrap4')
#4 /Users/sofiareyes/Desktop/desarrollos/BLOG-VA/wp-includes/template.php(723): require_once('/Users/sofiarey...')
#5 /Users/sofiareyes/Desktop/desarrollos/BLOG-VA/wp-includes/template.php(672): load_template('/Users/sofiarey...', true)
#6 /Users/sofiareyes/Desktop/desarrollos/BLOG-VA/wp-includes/general-template.php(41): locate_template(Array, true)
#7 /Users/sofiare in /Users/sofiareyes/Desktop/desarrollos/BLOG-VA/wp-content/themes/mi_tema/_includes/nav-bootstrap4.php on line 17
[30-Apr-2020 00:04:43 UTC] PHP Fatal error:  Uncaught Error: Class 'WP_Bootstrap_Navwalker' not found in /Users/sofiareyes/Desktop/desarrollos/BLOG-VA/wp-content/themes/mi_tema/_includes/nav-bootstrap4.php:17
Stack trace:
#0 /Users/sofiareyes/Desktop/desarrollos/BLOG-VA/wp-includes/template.php(725): require()
#1 /Users/sofiareyes/Desktop/desarrollos/BLOG-VA/wp-includes/template.php(672): load_template('/Users/sofiarey...', false)
#2 /Users/sofiareyes/Desktop/desarrollos/BLOG-VA/wp-includes/general-template.php(168): locate_template(Array, true, false)
#3 /Users/sofiareyes/Desktop/desarrollos/BLOG-VA/wp-content/themes/mi_tema/header.php(12): get_template_part('_includes/nav', 'bootstrap4')
#4 /Users/sofiareyes/Desktop/desarrollos/BLOG-VA/wp-includes/template.php(723): require_once('/Users/sofiarey...')
#5 /Users/sofiareyes/Desktop/desarrollos/BLOG-VA/wp-includes/template.php(672): load_template('/Users/sofiarey...', true)
#6 /Users/sofiareyes/Desktop/desarrollos/BLOG-VA/wp-includes/general-template.php(41): locate_template(Array, true)
#7 /Users/sofiare in /Users/sofiareyes/Desktop/desarrollos/BLOG-VA/wp-content/themes/mi_tema/_includes/nav-bootstrap4.php on line 17
[30-Apr-2020 00:04:46 UTC] PHP Fatal error:  Uncaught Error: Class 'WP_Bootstrap_Navwalker' not found in /Users/sofiareyes/Desktop/desarrollos/BLOG-VA/wp-content/themes/mi_tema/_includes/nav-bootstrap4.php:17
Stack trace:
#0 /Users/sofiareyes/Desktop/desarrollos/BLOG-VA/wp-includes/template.php(725): require()
#1 /Users/sofiareyes/Desktop/desarrollos/BLOG-VA/wp-includes/template.php(672): load_template('/Users/sofiarey...', false)
#2 /Users/sofiareyes/Desktop/desarrollos/BLOG-VA/wp-includes/general-template.php(168): locate_template(Array, true, false)
#3 /Users/sofiareyes/Desktop/desarrollos/BLOG-VA/wp-content/themes/mi_tema/header.php(12): get_template_part('_includes/nav', 'bootstrap4')
#4 /Users/sofiareyes/Desktop/desarrollos/BLOG-VA/wp-includes/template.php(723): require_once('/Users/sofiarey...')
#5 /Users/sofiareyes/Desktop/desarrollos/BLOG-VA/wp-includes/template.php(672): load_template('/Users/sofiarey...', true)
#6 /Users/sofiareyes/Desktop/desarrollos/BLOG-VA/wp-includes/general-template.php(41): locate_template(Array, true)
#7 /Users/sofiare in /Users/sofiareyes/Desktop/desarrollos/BLOG-VA/wp-content/themes/mi_tema/_includes/nav-bootstrap4.php on line 17
[05-May-2020 02:58:41 UTC] PHP Warning:  count(): Parameter must be an array or an object that implements Countable in /Users/sofiareyes/Desktop/desarrollos/BLOG-VA/wp-includes/post-template.php on line 317
[05-May-2020 02:59:18 UTC] PHP Warning:  count(): Parameter must be an array or an object that implements Countable in /Users/sofiareyes/Desktop/desarrollos/BLOG-VA/wp-includes/post-template.php on line 317
[05-May-2020 02:59:23 UTC] PHP Warning:  count(): Parameter must be an array or an object that implements Countable in /Users/sofiareyes/Desktop/desarrollos/BLOG-VA/wp-includes/post-template.php on line 317
[05-May-2020 03:02:34 UTC] PHP Warning:  count(): Parameter must be an array or an object that implements Countable in /Users/sofiareyes/Desktop/desarrollos/BLOG-VA/wp-includes/post-template.php on line 317
[05-May-2020 03:04:19 UTC] PHP Warning:  count(): Parameter must be an array or an object that implements Countable in /Users/sofiareyes/Desktop/desarrollos/BLOG-VA/wp-includes/post-template.php on line 317
[05-May-2020 03:09:50 UTC] PHP Warning:  Ocurrió un error inesperado. Algo debe estar mal con WordPress.org o la configuración de este servidor. Si continúas con problemas, por favor visita los <a href="https://wordpress.org/support/forums/">foros de soporte</a>. (WordPress no pudo establecer una conexión segura a WordPress.org. Por favor contacta al administrador de tu servidor.) in /Users/sofiareyes/Desktop/desarrollos/BLOG-VA/wp-includes/update.php on line 578
